<?xml version="1.0" encoding="UTF-8"?>
<!-- Generated by org.testng.reporters.JUnitXMLReporter -->
<testsuite ignored="3" hostname="DESKTOP-0D4P7SN" failures="0" tests="0" time="0.024" errors="0" timestamp="2024-09-25T13:42:00 IST">
  <testcase classname="Testng.DemoLogin" name="click_On_signup_button" time="0.0">
    <ignored/>
  </testcase> <!-- click_On_signup_button -->
  <testcase classname="Testng.DemoLogin" name="FullName" time="0.0">
    <ignored/>
  </testcase> <!-- FullName -->
  <testcase classname="Testng.DemoLogin" name="EnterEmail" time="0.0">
    <ignored/>
  </testcase> <!-- EnterEmail -->
</testsuite>
