<?xml version="1.0" encoding="UTF-8"?>
<!-- Generated by org.testng.reporters.JUnitXMLReporter -->
<testsuite ignored="0" hostname="DESKTOP-0D4P7SN" failures="0" tests="5" name="Default test" time="124.966" errors="0" timestamp="2024-09-27T23:38:49 IST">
  <testcase classname="TestNg.DemoLogin" name="setup" time="12.953"/>
  <testcase classname="TestNg.DemoLogin" name="FullName" time="0.164"/>
  <testcase classname="TestNg.DemoLogin" name="EnterEmail" time="0.093"/>
  <testcase classname="TestNg.DemoLogin" name="click_On_signup_button" time="111.711"/>
  <testcase classname="TestNg.DemoLogin" name="teardown" time="0.002"/>
</testsuite> <!-- Default test -->
